{"text": "2024-01-03 06:27:23 | INFO    | __main__:stash:131 | run - {'image': '20231121', 'version': '0.10.1.post2', 'role': 'EpicPlayer', 'headless': True}\n", "record": {"elapsed": {"repr": "0:00:01.134441", "seconds": 1.134441}, "exception": null, "extra": {"image": "20231121", "version": "0.10.1.post2", "role": "EpicPlayer", "headless": true}, "file": {"name": "claim.py", "path": "/home/runner/work/baipiao/baipiao/epic/src/claim.py"}, "function": "stash", "level": {"icon": "‚ÑπÔ∏è", "name": "INFO", "no": 20}, "line": 131, "message": "run", "module": "claim", "name": "__main__", "process": {"id": 3578, "name": "MainProcess"}, "thread": {"id": 140095663430528, "name": "MainThread"}, "time": {"repr": "2024-01-03 06:27:23.199741+08:00", "timestamp": 1704234443.199741}}}
{"text": "2024-01-03 06:27:34 | INFO    | __main__:claim_epic_games:97 | Try to flush cookie - {'task': 'claim_epic_games'}\n", "record": {"elapsed": {"repr": "0:00:12.466788", "seconds": 12.466788}, "exception": null, "extra": {"task": "claim_epic_games"}, "file": {"name": "claim.py", "path": "/home/runner/work/baipiao/baipiao/epic/src/claim.py"}, "function": "claim_epic_games", "level": {"icon": "‚ÑπÔ∏è", "name": "INFO", "no": 20}, "line": 97, "message": "Try to flush cookie", "module": "claim", "name": "__main__", "process": {"id": 3578, "name": "MainProcess"}, "thread": {"id": 140095663430528, "name": "MainThread"}, "time": {"repr": "2024-01-03 06:27:34.532088+08:00", "timestamp": 1704234454.532088}}}
{"text": "2024-01-03 06:27:36 | SUCCESS    | epic_games.agent:_login:253 | login - {'result': 'Successfully refreshed tokens'}\n", "record": {"elapsed": {"repr": "0:00:14.705221", "seconds": 14.705221}, "exception": null, "extra": {"result": "Successfully refreshed tokens"}, "file": {"name": "agent.py", "path": "/home/runner/work/baipiao/baipiao/epic/src/epic_games/agent.py"}, "function": "_login", "level": {"icon": "‚úÖ", "name": "SUCCESS", "no": 25}, "line": 253, "message": "login", "module": "agent", "name": "epic_games.agent", "process": {"id": 3578, "name": "MainProcess"}, "thread": {"id": 140095663430528, "name": "MainThread"}, "time": {"repr": "2024-01-03 06:27:36.770521+08:00", "timestamp": 1704234456.770521}}}
{"text": "2024-01-03 06:27:47 | SUCCESS    | epic_games.agent:flush_token:280 | flush_token - {'path': PosixPath('/home/runner/work/baipiao/baipiao/epic/user_data_dir/epic-games@934175043/ctx_cookie.json')}\n", "record": {"elapsed": {"repr": "0:00:25.681082", "seconds": 25.681082}, "exception": null, "extra": {"path": "/home/runner/work/baipiao/baipiao/epic/user_data_dir/epic-games@934175043/ctx_cookie.json"}, "file": {"name": "agent.py", "path": "/home/runner/work/baipiao/baipiao/epic/src/epic_games/agent.py"}, "function": "flush_token", "level": {"icon": "‚úÖ", "name": "SUCCESS", "no": 25}, "line": 280, "message": "flush_token", "module": "agent", "name": "epic_games.agent", "process": {"id": 3578, "name": "MainProcess"}, "thread": {"id": 140095663430528, "name": "MainThread"}, "time": {"repr": "2024-01-03 06:27:47.746382+08:00", "timestamp": 1704234467.746382}}}
{"text": "2024-01-03 06:27:48 | WARNING    | epic_games.agent:get_order_history:467 | Failed to get order history, cookie may have expired - {}\n", "record": {"elapsed": {"repr": "0:00:26.123208", "seconds": 26.123208}, "exception": null, "extra": {}, "file": {"name": "agent.py", "path": "/home/runner/work/baipiao/baipiao/epic/src/epic_games/agent.py"}, "function": "get_order_history", "level": {"icon": "‚ö†Ô∏è", "name": "WARNING", "no": 30}, "line": 467, "message": "Failed to get order history, cookie may have expired", "module": "agent", "name": "epic_games.agent", "process": {"id": 3578, "name": "MainProcess"}, "thread": {"id": 140095663430528, "name": "MainThread"}, "time": {"repr": "2024-01-03 06:27:48.188508+08:00", "timestamp": 1704234468.188508}}}
{"text": "2024-01-03 06:27:48 | DEBUG    | __main__:create_tasks:66 | Put task - {'title': '20 Minutes Till Dawn', 'url': 'https://store.epicgames.com/en-US/p/20-minutes-till-dawn-be3305'}\n", "record": {"elapsed": {"repr": "0:00:26.649838", "seconds": 26.649838}, "exception": null, "extra": {"title": "20 Minutes Till Dawn", "url": "https://store.epicgames.com/en-US/p/20-minutes-till-dawn-be3305"}, "file": {"name": "claim.py", "path": "/home/runner/work/baipiao/baipiao/epic/src/claim.py"}, "function": "create_tasks", "level": {"icon": "üêû", "name": "DEBUG", "no": 10}, "line": 66, "message": "Put task", "module": "claim", "name": "__main__", "process": {"id": 3578, "name": "MainProcess"}, "thread": {"id": 140095663430528, "name": "MainThread"}, "time": {"repr": "2024-01-03 06:27:48.715138+08:00", "timestamp": 1704234468.715138}}}
{"text": "2024-01-03 06:27:48 | INFO    | epic_games.agent:claim_weekly_games:294 | claim_weekly_games - {'action': 'go to store', 'url': 'https://store.epicgames.com/en-US/p/20-minutes-till-dawn-be3305'}\n", "record": {"elapsed": {"repr": "0:00:26.650413", "seconds": 26.650413}, "exception": null, "extra": {"action": "go to store", "url": "https://store.epicgames.com/en-US/p/20-minutes-till-dawn-be3305"}, "file": {"name": "agent.py", "path": "/home/runner/work/baipiao/baipiao/epic/src/epic_games/agent.py"}, "function": "claim_weekly_games", "level": {"icon": "‚ÑπÔ∏è", "name": "INFO", "no": 20}, "line": 294, "message": "claim_weekly_games", "module": "agent", "name": "epic_games.agent", "process": {"id": 3578, "name": "MainProcess"}, "thread": {"id": 140095663430528, "name": "MainThread"}, "time": {"repr": "2024-01-03 06:27:48.715713+08:00", "timestamp": 1704234468.715713}}}
{"text": "2024-01-03 06:27:59 | INFO    | epic_games.agent:claim_weekly_games:326 | claim_weekly_games - {'action': 'move to webPurchaseContainer iframe'}\n", "record": {"elapsed": {"repr": "0:00:37.671016", "seconds": 37.671016}, "exception": null, "extra": {"action": "move to webPurchaseContainer iframe"}, "file": {"name": "agent.py", "path": "/home/runner/work/baipiao/baipiao/epic/src/epic_games/agent.py"}, "function": "claim_weekly_games", "level": {"icon": "‚ÑπÔ∏è", "name": "INFO", "no": 20}, "line": 326, "message": "claim_weekly_games", "module": "agent", "name": "epic_games.agent", "process": {"id": 3578, "name": "MainProcess"}, "thread": {"id": 140095663430528, "name": "MainThread"}, "time": {"repr": "2024-01-03 06:27:59.736316+08:00", "timestamp": 1704234479.736316}}}
{"text": "2024-01-03 06:28:02 | INFO    | epic_games.agent:claim_weekly_games:328 | claim_weekly_games - {'action': 'click payment button'}\n", "record": {"elapsed": {"repr": "0:00:40.079483", "seconds": 40.079483}, "exception": null, "extra": {"action": "click payment button"}, "file": {"name": "agent.py", "path": "/home/runner/work/baipiao/baipiao/epic/src/epic_games/agent.py"}, "function": "claim_weekly_games", "level": {"icon": "‚ÑπÔ∏è", "name": "INFO", "no": 20}, "line": 328, "message": "claim_weekly_games", "module": "agent", "name": "epic_games.agent", "process": {"id": 3578, "name": "MainProcess"}, "thread": {"id": 140095663430528, "name": "MainThread"}, "time": {"repr": "2024-01-03 06:28:02.144783+08:00", "timestamp": 1704234482.144783}}}
{"text": "2024-01-03 06:28:07 | DEBUG    | hcaptcha_challenger.agents.playwright.control:_parse_label:241 | get task - {'prompt': 'Please click on all images of the heaviest animal s—Äecies'}\n", "record": {"elapsed": {"repr": "0:00:45.082207", "seconds": 45.082207}, "exception": null, "extra": {"prompt": "Please click on all images of the heaviest animal s—Äecies"}, "file": {"name": "control.py", "path": "/opt/hostedtoolcache/Python/3.10.13/x64/lib/python3.10/site-packages/hcaptcha_challenger/agents/playwright/control.py"}, "function": "_parse_label", "level": {"icon": "üêû", "name": "DEBUG", "no": 10}, "line": 241, "message": "get task", "module": "control", "name": "hcaptcha_challenger.agents.playwright.control", "process": {"id": 3578, "name": "MainProcess"}, "thread": {"id": 140095663430528, "name": "MainThread"}, "time": {"repr": "2024-01-03 06:28:07.147507+08:00", "timestamp": 1704234487.147507}}}
{"text": "2024-01-03 06:28:08 | DEBUG    | hcaptcha_challenger.agents.playwright.control:_catch_all_binary_challenge:474 | handle task - {'unsupervised': 'binary', 'candidate_labels': ['This is a picture that looks like please click on all images of the heaviest animal species.', \"This is a picture that don't look like please click on all images of the heaviest animal species.\"], 'prompt': 'Please click on all images of the heaviest animal s—Äecies', 'timit': '0.976s'}\n", "record": {"elapsed": {"repr": "0:00:46.241572", "seconds": 46.241572}, "exception": null, "extra": {"unsupervised": "binary", "candidate_labels": ["This is a picture that looks like please click on all images of the heaviest animal species.", "This is a picture that don't look like please click on all images of the heaviest animal species."], "prompt": "Please click on all images of the heaviest animal s—Äecies", "timit": "0.976s"}, "file": {"name": "control.py", "path": "/opt/hostedtoolcache/Python/3.10.13/x64/lib/python3.10/site-packages/hcaptcha_challenger/agents/playwright/control.py"}, "function": "_catch_all_binary_challenge", "level": {"icon": "üêû", "name": "DEBUG", "no": 10}, "line": 474, "message": "handle task", "module": "control", "name": "hcaptcha_challenger.agents.playwright.control", "process": {"id": 3578, "name": "MainProcess"}, "thread": {"id": 140095663430528, "name": "MainThread"}, "time": {"repr": "2024-01-03 06:28:08.306872+08:00", "timestamp": 1704234488.306872}}}
{"text": "2024-01-03 06:28:18 | DEBUG    | epic_games.agent:insert_challenge:106 | task done - {'sattus': 'success'}\n", "record": {"elapsed": {"repr": "0:00:56.827100", "seconds": 56.8271}, "exception": null, "extra": {"sattus": "success"}, "file": {"name": "agent.py", "path": "/home/runner/work/baipiao/baipiao/epic/src/epic_games/agent.py"}, "function": "insert_challenge", "level": {"icon": "üêû", "name": "DEBUG", "no": 10}, "line": 106, "message": "task done", "module": "agent", "name": "epic_games.agent", "process": {"id": 3578, "name": "MainProcess"}, "thread": {"id": 140095663430528, "name": "MainThread"}, "time": {"repr": "2024-01-03 06:28:18.892400+08:00", "timestamp": 1704234498.8924}}}
{"text": "2024-01-03 06:28:51 | INFO    | epic_games.agent:claim_weekly_games:294 | claim_weekly_games - {'action': 'go to store', 'url': 'https://store.epicgames.com/en-US/p/20-minutes-till-dawn-be3305'}\n", "record": {"elapsed": {"repr": "0:01:28.980915", "seconds": 88.980915}, "exception": null, "extra": {"action": "go to store", "url": "https://store.epicgames.com/en-US/p/20-minutes-till-dawn-be3305"}, "file": {"name": "agent.py", "path": "/home/runner/work/baipiao/baipiao/epic/src/epic_games/agent.py"}, "function": "claim_weekly_games", "level": {"icon": "‚ÑπÔ∏è", "name": "INFO", "no": 20}, "line": 294, "message": "claim_weekly_games", "module": "agent", "name": "epic_games.agent", "process": {"id": 3578, "name": "MainProcess"}, "thread": {"id": 140095663430528, "name": "MainThread"}, "time": {"repr": "2024-01-03 06:28:51.046215+08:00", "timestamp": 1704234531.046215}}}
{"text": "2024-01-03 06:28:59 | INFO    | epic_games.agent:claim_weekly_games:326 | claim_weekly_games - {'action': 'move to webPurchaseContainer iframe'}\n", "record": {"elapsed": {"repr": "0:01:37.702580", "seconds": 97.70258}, "exception": null, "extra": {"action": "move to webPurchaseContainer iframe"}, "file": {"name": "agent.py", "path": "/home/runner/work/baipiao/baipiao/epic/src/epic_games/agent.py"}, "function": "claim_weekly_games", "level": {"icon": "‚ÑπÔ∏è", "name": "INFO", "no": 20}, "line": 326, "message": "claim_weekly_games", "module": "agent", "name": "epic_games.agent", "process": {"id": 3578, "name": "MainProcess"}, "thread": {"id": 140095663430528, "name": "MainThread"}, "time": {"repr": "2024-01-03 06:28:59.767880+08:00", "timestamp": 1704234539.76788}}}
{"text": "2024-01-03 06:29:02 | INFO    | epic_games.agent:claim_weekly_games:328 | claim_weekly_games - {'action': 'click payment button'}\n", "record": {"elapsed": {"repr": "0:01:40.081601", "seconds": 100.081601}, "exception": null, "extra": {"action": "click payment button"}, "file": {"name": "agent.py", "path": "/home/runner/work/baipiao/baipiao/epic/src/epic_games/agent.py"}, "function": "claim_weekly_games", "level": {"icon": "‚ÑπÔ∏è", "name": "INFO", "no": 20}, "line": 328, "message": "claim_weekly_games", "module": "agent", "name": "epic_games.agent", "process": {"id": 3578, "name": "MainProcess"}, "thread": {"id": 140095663430528, "name": "MainThread"}, "time": {"repr": "2024-01-03 06:29:02.146901+08:00", "timestamp": 1704234542.146901}}}
{"text": "2024-01-03 06:29:07 | DEBUG    | hcaptcha_challenger.agents.playwright.control:_parse_label:241 | get task - {'prompt': 'Œ°lease click on all images of the heaviest animal s—Äecies'}\n", "record": {"elapsed": {"repr": "0:01:45.084181", "seconds": 105.084181}, "exception": null, "extra": {"prompt": "Œ°lease click on all images of the heaviest animal s—Äecies"}, "file": {"name": "control.py", "path": "/opt/hostedtoolcache/Python/3.10.13/x64/lib/python3.10/site-packages/hcaptcha_challenger/agents/playwright/control.py"}, "function": "_parse_label", "level": {"icon": "üêû", "name": "DEBUG", "no": 10}, "line": 241, "message": "get task", "module": "control", "name": "hcaptcha_challenger.agents.playwright.control", "process": {"id": 3578, "name": "MainProcess"}, "thread": {"id": 140095663430528, "name": "MainThread"}, "time": {"repr": "2024-01-03 06:29:07.149481+08:00", "timestamp": 1704234547.149481}}}
{"text": "2024-01-03 06:29:08 | DEBUG    | hcaptcha_challenger.agents.playwright.control:_catch_all_binary_challenge:474 | handle task - {'unsupervised': 'binary', 'candidate_labels': ['This is a picture that looks like œÅlease click on all images of the heaviest animal species.', \"This is a picture that don't look like œÅlease click on all images of the heaviest animal species.\"], 'prompt': 'Œ°lease click on all images of the heaviest animal s—Äecies', 'timit': '0.749s'}\n", "record": {"elapsed": {"repr": "0:01:46.010490", "seconds": 106.01049}, "exception": null, "extra": {"unsupervised": "binary", "candidate_labels": ["This is a picture that looks like œÅlease click on all images of the heaviest animal species.", "This is a picture that don't look like œÅlease click on all images of the heaviest animal species."], "prompt": "Œ°lease click on all images of the heaviest animal s—Äecies", "timit": "0.749s"}, "file": {"name": "control.py", "path": "/opt/hostedtoolcache/Python/3.10.13/x64/lib/python3.10/site-packages/hcaptcha_challenger/agents/playwright/control.py"}, "function": "_catch_all_binary_challenge", "level": {"icon": "üêû", "name": "DEBUG", "no": 10}, "line": 474, "message": "handle task", "module": "control", "name": "hcaptcha_challenger.agents.playwright.control", "process": {"id": 3578, "name": "MainProcess"}, "thread": {"id": 140095663430528, "name": "MainThread"}, "time": {"repr": "2024-01-03 06:29:08.075790+08:00", "timestamp": 1704234548.07579}}}
{"text": "2024-01-03 06:29:19 | DEBUG    | epic_games.agent:insert_challenge:106 | task done - {'sattus': 'success'}\n", "record": {"elapsed": {"repr": "0:01:57.392949", "seconds": 117.392949}, "exception": null, "extra": {"sattus": "success"}, "file": {"name": "agent.py", "path": "/home/runner/work/baipiao/baipiao/epic/src/epic_games/agent.py"}, "function": "insert_challenge", "level": {"icon": "üêû", "name": "DEBUG", "no": 10}, "line": 106, "message": "task done", "module": "agent", "name": "epic_games.agent", "process": {"id": 3578, "name": "MainProcess"}, "thread": {"id": 140095663430528, "name": "MainThread"}, "time": {"repr": "2024-01-03 06:29:19.458249+08:00", "timestamp": 1704234559.458249}}}
{"text": "2024-01-03 06:29:51 | INFO    | epic_games.agent:claim_weekly_games:294 | claim_weekly_games - {'action': 'go to store', 'url': 'https://store.epicgames.com/en-US/p/20-minutes-till-dawn-be3305'}\n", "record": {"elapsed": {"repr": "0:02:29.554736", "seconds": 149.554736}, "exception": null, "extra": {"action": "go to store", "url": "https://store.epicgames.com/en-US/p/20-minutes-till-dawn-be3305"}, "file": {"name": "agent.py", "path": "/home/runner/work/baipiao/baipiao/epic/src/epic_games/agent.py"}, "function": "claim_weekly_games", "level": {"icon": "‚ÑπÔ∏è", "name": "INFO", "no": 20}, "line": 294, "message": "claim_weekly_games", "module": "agent", "name": "epic_games.agent", "process": {"id": 3578, "name": "MainProcess"}, "thread": {"id": 140095663430528, "name": "MainThread"}, "time": {"repr": "2024-01-03 06:29:51.620036+08:00", "timestamp": 1704234591.620036}}}
{"text": "2024-01-03 06:29:59 | INFO    | epic_games.agent:claim_weekly_games:326 | claim_weekly_games - {'action': 'move to webPurchaseContainer iframe'}\n", "record": {"elapsed": {"repr": "0:02:37.869286", "seconds": 157.869286}, "exception": null, "extra": {"action": "move to webPurchaseContainer iframe"}, "file": {"name": "agent.py", "path": "/home/runner/work/baipiao/baipiao/epic/src/epic_games/agent.py"}, "function": "claim_weekly_games", "level": {"icon": "‚ÑπÔ∏è", "name": "INFO", "no": 20}, "line": 326, "message": "claim_weekly_games", "module": "agent", "name": "epic_games.agent", "process": {"id": 3578, "name": "MainProcess"}, "thread": {"id": 140095663430528, "name": "MainThread"}, "time": {"repr": "2024-01-03 06:29:59.934586+08:00", "timestamp": 1704234599.934586}}}
{"text": "2024-01-03 06:30:02 | INFO    | epic_games.agent:claim_weekly_games:328 | claim_weekly_games - {'action': 'click payment button'}\n", "record": {"elapsed": {"repr": "0:02:40.251854", "seconds": 160.251854}, "exception": null, "extra": {"action": "click payment button"}, "file": {"name": "agent.py", "path": "/home/runner/work/baipiao/baipiao/epic/src/epic_games/agent.py"}, "function": "claim_weekly_games", "level": {"icon": "‚ÑπÔ∏è", "name": "INFO", "no": 20}, "line": 328, "message": "claim_weekly_games", "module": "agent", "name": "epic_games.agent", "process": {"id": 3578, "name": "MainProcess"}, "thread": {"id": 140095663430528, "name": "MainThread"}, "time": {"repr": "2024-01-03 06:30:02.317154+08:00", "timestamp": 1704234602.317154}}}
{"text": "2024-01-03 06:30:07 | DEBUG    | hcaptcha_challenger.agents.playwright.control:_parse_label:241 | get task - {'prompt': 'Please click on all images of t“ªe heaviest animal spec—ñes'}\n", "record": {"elapsed": {"repr": "0:02:45.254598", "seconds": 165.254598}, "exception": null, "extra": {"prompt": "Please click on all images of t“ªe heaviest animal spec—ñes"}, "file": {"name": "control.py", "path": "/opt/hostedtoolcache/Python/3.10.13/x64/lib/python3.10/site-packages/hcaptcha_challenger/agents/playwright/control.py"}, "function": "_parse_label", "level": {"icon": "üêû", "name": "DEBUG", "no": 10}, "line": 241, "message": "get task", "module": "control", "name": "hcaptcha_challenger.agents.playwright.control", "process": {"id": 3578, "name": "MainProcess"}, "thread": {"id": 140095663430528, "name": "MainThread"}, "time": {"repr": "2024-01-03 06:30:07.319898+08:00", "timestamp": 1704234607.319898}}}
{"text": "2024-01-03 06:30:08 | DEBUG    | hcaptcha_challenger.agents.playwright.control:_catch_all_binary_challenge:474 | handle task - {'unsupervised': 'binary', 'candidate_labels': ['This is a picture that looks like please click on all images of the heaviest animal species.', \"This is a picture that don't look like please click on all images of the heaviest animal species.\"], 'prompt': 'Please click on all images of t“ªe heaviest animal spec—ñes', 'timit': '0.693s'}\n", "record": {"elapsed": {"repr": "0:02:46.127060", "seconds": 166.12706}, "exception": null, "extra": {"unsupervised": "binary", "candidate_labels": ["This is a picture that looks like please click on all images of the heaviest animal species.", "This is a picture that don't look like please click on all images of the heaviest animal species."], "prompt": "Please click on all images of t“ªe heaviest animal spec—ñes", "timit": "0.693s"}, "file": {"name": "control.py", "path": "/opt/hostedtoolcache/Python/3.10.13/x64/lib/python3.10/site-packages/hcaptcha_challenger/agents/playwright/control.py"}, "function": "_catch_all_binary_challenge", "level": {"icon": "üêû", "name": "DEBUG", "no": 10}, "line": 474, "message": "handle task", "module": "control", "name": "hcaptcha_challenger.agents.playwright.control", "process": {"id": 3578, "name": "MainProcess"}, "thread": {"id": 140095663430528, "name": "MainThread"}, "time": {"repr": "2024-01-03 06:30:08.192360+08:00", "timestamp": 1704234608.19236}}}
{"text": "2024-01-03 06:30:19 | DEBUG    | epic_games.agent:insert_challenge:106 | task done - {'sattus': 'success'}\n", "record": {"elapsed": {"repr": "0:02:57.348327", "seconds": 177.348327}, "exception": null, "extra": {"sattus": "success"}, "file": {"name": "agent.py", "path": "/home/runner/work/baipiao/baipiao/epic/src/epic_games/agent.py"}, "function": "insert_challenge", "level": {"icon": "üêû", "name": "DEBUG", "no": 10}, "line": 106, "message": "task done", "module": "agent", "name": "epic_games.agent", "process": {"id": 3578, "name": "MainProcess"}, "thread": {"id": 140095663430528, "name": "MainThread"}, "time": {"repr": "2024-01-03 06:30:19.413627+08:00", "timestamp": 1704234619.413627}}}
{"text": "2024-01-03 06:30:51 | ERROR    | __main__:run:158 | An error has been caught in function 'run', process 'MainProcess' (3578), thread 'MainThread' (140095663430528): - {}\nTraceback (most recent call last):\n  File \"/home/runner/work/baipiao/baipiao/epic/src/claim.py\", line 151, in stash\n    await self.claim_epic_games(context)\n  File \"/home/runner/work/baipiao/baipiao/epic/src/claim.py\", line 122, in claim_epic_games\n    await epic.claim_weekly_games(page, single_promotions)\n  File \"/opt/hostedtoolcache/Python/3.10.13/x64/lib/python3.10/site-packages/tenacity/_asyncio.py\", line 88, in async_wrapped\n    return await fn(*args, **kwargs)\n  File \"/opt/hostedtoolcache/Python/3.10.13/x64/lib/python3.10/site-packages/tenacity/_asyncio.py\", line 47, in __call__\n    do = self.iter(retry_state=retry_state)\n  File \"/opt/hostedtoolcache/Python/3.10.13/x64/lib/python3.10/site-packages/tenacity/__init__.py\", line 325, in iter\n    raise retry_exc.reraise()\n  File \"/opt/hostedtoolcache/Python/3.10.13/x64/lib/python3.10/site-packages/tenacity/__init__.py\", line 158, in reraise\n    raise self.last_attempt.result()\n  File \"/opt/hostedtoolcache/Python/3.10.13/x64/lib/python3.10/concurrent/futures/_base.py\", line 451, in result\n    return self.__get_result()\n  File \"/opt/hostedtoolcache/Python/3.10.13/x64/lib/python3.10/concurrent/futures/_base.py\", line 403, in __get_result\n    raise self._exception\n  File \"/opt/hostedtoolcache/Python/3.10.13/x64/lib/python3.10/site-packages/tenacity/_asyncio.py\", line 50, in __call__\n    result = await fn(*args, **kwargs)\n  File \"/home/runner/work/baipiao/baipiao/epic/src/epic_games/agent.py\", line 338, in claim_weekly_games\n    await page.wait_for_url(recur_url)\n  File \"/opt/hostedtoolcache/Python/3.10.13/x64/lib/python3.10/site-packages/playwright/async_api/_generated.py\", line 9417, in wait_for_url\n    await self._impl_obj.wait_for_url(\n  File \"/opt/hostedtoolcache/Python/3.10.13/x64/lib/python3.10/site-packages/playwright/_impl/_page.py\", line 499, in wait_for_url\n    return await self._main_frame.wait_for_url(**locals_to_params(locals()))\n  File \"/opt/hostedtoolcache/Python/3.10.13/x64/lib/python3.10/site-packages/playwright/_impl/_frame.py\", line 227, in wait_for_url\n    async with self.expect_navigation(\n  File \"/opt/hostedtoolcache/Python/3.10.13/x64/lib/python3.10/site-packages/playwright/_impl/_event_context_manager.py\", line 33, in __aexit__\n    await self._future\n  File \"/opt/hostedtoolcache/Python/3.10.13/x64/lib/python3.10/site-packages/playwright/_impl/_frame.py\", line 202, in continuation\n    event = await waiter.result()\nplaywright._impl._errors.TimeoutError: Timeout 30000ms exceeded.\n=========================== logs ===========================\nwaiting for navigation to \"https://store.epicgames.com/en-US/cart/success\" until 'load'\n============================================================\n\nDuring handling of the above exception, another exception occurred:\n\nTraceback (most recent call last):\n  File \"/home/runner/work/baipiao/baipiao/epic/src/claim.py\", line 162, in <module>\n    asyncio.run(run())\n  File \"/opt/hostedtoolcache/Python/3.10.13/x64/lib/python3.10/asyncio/runners.py\", line 44, in run\n    return loop.run_until_complete(main)\n  File \"/opt/hostedtoolcache/Python/3.10.13/x64/lib/python3.10/asyncio/base_events.py\", line 636, in run_until_complete\n    self.run_forever()\n  File \"/opt/hostedtoolcache/Python/3.10.13/x64/lib/python3.10/asyncio/base_events.py\", line 603, in run_forever\n    self._run_once()\n  File \"/opt/hostedtoolcache/Python/3.10.13/x64/lib/python3.10/asyncio/base_events.py\", line 1909, in _run_once\n    handle._run()\n  File \"/opt/hostedtoolcache/Python/3.10.13/x64/lib/python3.10/asyncio/events.py\", line 80, in _run\n    self._context.run(self._callback, *self._args)\n> File \"/home/runner/work/baipiao/baipiao/epic/src/claim.py\", line 158, in run\n    await agent.stash()\n  File \"/home/runner/work/baipiao/baipiao/epic/src/claim.py\", line 139, in stash\n    async with async_playwright() as p:\n  File \"/opt/hostedtoolcache/Python/3.10.13/x64/lib/python3.10/site-packages/playwright/async_api/_context_manager.py\", line 58, in __aexit__\n    await self._connection.stop_async()\n  File \"/opt/hostedtoolcache/Python/3.10.13/x64/lib/python3.10/site-packages/playwright/_impl/_connection.py\", line 288, in stop_async\n    self.cleanup()\n  File \"/opt/hostedtoolcache/Python/3.10.13/x64/lib/python3.10/site-packages/playwright/_impl/_connection.py\", line 299, in cleanup\n    callback.future.set_exception(self._closed_error)\nasyncio.exceptions.InvalidStateError: invalid state\n", "record": {"elapsed": {"repr": "0:03:29.206478", "seconds": 209.206478}, "exception": {"type": "InvalidStateError", "value": "invalid state", "traceback": true}, "extra": {}, "file": {"name": "claim.py", "path": "/home/runner/work/baipiao/baipiao/epic/src/claim.py"}, "function": "run", "level": {"icon": "‚ùå", "name": "ERROR", "no": 40}, "line": 158, "message": "An error has been caught in function 'run', process 'MainProcess' (3578), thread 'MainThread' (140095663430528):", "module": "claim", "name": "__main__", "process": {"id": 3578, "name": "MainProcess"}, "thread": {"id": 140095663430528, "name": "MainThread"}, "time": {"repr": "2024-01-03 06:30:51.271778+08:00", "timestamp": 1704234651.271778}}}
