{"text": "2024-02-10 06:28:37 | INFO    | __main__:stash:131 | run - {'image': '20231121', 'version': '0.10.1.post2', 'role': 'EpicPlayer', 'headless': True}\n", "record": {"elapsed": {"repr": "0:00:01.792951", "seconds": 1.792951}, "exception": null, "extra": {"image": "20231121", "version": "0.10.1.post2", "role": "EpicPlayer", "headless": true}, "file": {"name": "claim.py", "path": "/home/runner/work/baipiao/baipiao/epic/src/claim.py"}, "function": "stash", "level": {"icon": "‚ÑπÔ∏è", "name": "INFO", "no": 20}, "line": 131, "message": "run", "module": "claim", "name": "__main__", "process": {"id": 3546, "name": "MainProcess"}, "thread": {"id": 140265784032128, "name": "MainThread"}, "time": {"repr": "2024-02-10 06:28:37.049803+08:00", "timestamp": 1707517717.049803}}}
{"text": "2024-02-10 06:28:46 | INFO    | __main__:claim_epic_games:97 | Try to flush cookie - {'task': 'claim_epic_games'}\n", "record": {"elapsed": {"repr": "0:00:11.064292", "seconds": 11.064292}, "exception": null, "extra": {"task": "claim_epic_games"}, "file": {"name": "claim.py", "path": "/home/runner/work/baipiao/baipiao/epic/src/claim.py"}, "function": "claim_epic_games", "level": {"icon": "‚ÑπÔ∏è", "name": "INFO", "no": 20}, "line": 97, "message": "Try to flush cookie", "module": "claim", "name": "__main__", "process": {"id": 3546, "name": "MainProcess"}, "thread": {"id": 140265784032128, "name": "MainThread"}, "time": {"repr": "2024-02-10 06:28:46.321144+08:00", "timestamp": 1707517726.321144}}}
{"text": "2024-02-10 06:28:48 | SUCCESS    | epic_games.agent:_login:253 | login - {'result': 'Successfully refreshed tokens'}\n", "record": {"elapsed": {"repr": "0:00:13.141462", "seconds": 13.141462}, "exception": null, "extra": {"result": "Successfully refreshed tokens"}, "file": {"name": "agent.py", "path": "/home/runner/work/baipiao/baipiao/epic/src/epic_games/agent.py"}, "function": "_login", "level": {"icon": "‚úÖ", "name": "SUCCESS", "no": 25}, "line": 253, "message": "login", "module": "agent", "name": "epic_games.agent", "process": {"id": 3546, "name": "MainProcess"}, "thread": {"id": 140265784032128, "name": "MainThread"}, "time": {"repr": "2024-02-10 06:28:48.398314+08:00", "timestamp": 1707517728.398314}}}
{"text": "2024-02-10 06:28:58 | SUCCESS    | epic_games.agent:flush_token:280 | flush_token - {'path': PosixPath('/home/runner/work/baipiao/baipiao/epic/user_data_dir/epic-games@934175043/ctx_cookie.json')}\n", "record": {"elapsed": {"repr": "0:00:23.027927", "seconds": 23.027927}, "exception": null, "extra": {"path": "/home/runner/work/baipiao/baipiao/epic/user_data_dir/epic-games@934175043/ctx_cookie.json"}, "file": {"name": "agent.py", "path": "/home/runner/work/baipiao/baipiao/epic/src/epic_games/agent.py"}, "function": "flush_token", "level": {"icon": "‚úÖ", "name": "SUCCESS", "no": 25}, "line": 280, "message": "flush_token", "module": "agent", "name": "epic_games.agent", "process": {"id": 3546, "name": "MainProcess"}, "thread": {"id": 140265784032128, "name": "MainThread"}, "time": {"repr": "2024-02-10 06:28:58.284779+08:00", "timestamp": 1707517738.284779}}}
{"text": "2024-02-10 06:28:58 | WARNING    | epic_games.agent:get_order_history:467 | Failed to get order history, cookie may have expired - {}\n", "record": {"elapsed": {"repr": "0:00:23.142055", "seconds": 23.142055}, "exception": null, "extra": {}, "file": {"name": "agent.py", "path": "/home/runner/work/baipiao/baipiao/epic/src/epic_games/agent.py"}, "function": "get_order_history", "level": {"icon": "‚ö†Ô∏è", "name": "WARNING", "no": 30}, "line": 467, "message": "Failed to get order history, cookie may have expired", "module": "agent", "name": "epic_games.agent", "process": {"id": 3546, "name": "MainProcess"}, "thread": {"id": 140265784032128, "name": "MainThread"}, "time": {"repr": "2024-02-10 06:28:58.398907+08:00", "timestamp": 1707517738.398907}}}
{"text": "2024-02-10 06:28:58 | DEBUG    | __main__:create_tasks:66 | Put task - {'title': 'Doki Doki Literature Club Plus!', 'url': 'https://store.epicgames.com/en-US/p/doki-doki-literature-club-plus'}\n", "record": {"elapsed": {"repr": "0:00:23.372964", "seconds": 23.372964}, "exception": null, "extra": {"title": "Doki Doki Literature Club Plus!", "url": "https://store.epicgames.com/en-US/p/doki-doki-literature-club-plus"}, "file": {"name": "claim.py", "path": "/home/runner/work/baipiao/baipiao/epic/src/claim.py"}, "function": "create_tasks", "level": {"icon": "üêû", "name": "DEBUG", "no": 10}, "line": 66, "message": "Put task", "module": "claim", "name": "__main__", "process": {"id": 3546, "name": "MainProcess"}, "thread": {"id": 140265784032128, "name": "MainThread"}, "time": {"repr": "2024-02-10 06:28:58.629816+08:00", "timestamp": 1707517738.629816}}}
{"text": "2024-02-10 06:28:58 | DEBUG    | __main__:create_tasks:66 | Put task - {'title': 'Lost Castle', 'url': 'https://store.epicgames.com/en-US/p/lost-castle-abb2e2'}\n", "record": {"elapsed": {"repr": "0:00:23.373501", "seconds": 23.373501}, "exception": null, "extra": {"title": "Lost Castle", "url": "https://store.epicgames.com/en-US/p/lost-castle-abb2e2"}, "file": {"name": "claim.py", "path": "/home/runner/work/baipiao/baipiao/epic/src/claim.py"}, "function": "create_tasks", "level": {"icon": "üêû", "name": "DEBUG", "no": 10}, "line": 66, "message": "Put task", "module": "claim", "name": "__main__", "process": {"id": 3546, "name": "MainProcess"}, "thread": {"id": 140265784032128, "name": "MainThread"}, "time": {"repr": "2024-02-10 06:28:58.630353+08:00", "timestamp": 1707517738.630353}}}
{"text": "2024-02-10 06:28:58 | INFO    | epic_games.agent:claim_weekly_games:294 | claim_weekly_games - {'action': 'go to store', 'url': 'https://store.epicgames.com/en-US/p/doki-doki-literature-club-plus'}\n", "record": {"elapsed": {"repr": "0:00:23.373828", "seconds": 23.373828}, "exception": null, "extra": {"action": "go to store", "url": "https://store.epicgames.com/en-US/p/doki-doki-literature-club-plus"}, "file": {"name": "agent.py", "path": "/home/runner/work/baipiao/baipiao/epic/src/epic_games/agent.py"}, "function": "claim_weekly_games", "level": {"icon": "‚ÑπÔ∏è", "name": "INFO", "no": 20}, "line": 294, "message": "claim_weekly_games", "module": "agent", "name": "epic_games.agent", "process": {"id": 3546, "name": "MainProcess"}, "thread": {"id": 140265784032128, "name": "MainThread"}, "time": {"repr": "2024-02-10 06:28:58.630680+08:00", "timestamp": 1707517738.63068}}}
{"text": "2024-02-10 06:29:02 | INFO    | epic_games.agent:claim_weekly_games:294 | claim_weekly_games - {'action': 'go to store', 'url': 'https://store.epicgames.com/en-US/p/lost-castle-abb2e2'}\n", "record": {"elapsed": {"repr": "0:00:27.173040", "seconds": 27.17304}, "exception": null, "extra": {"action": "go to store", "url": "https://store.epicgames.com/en-US/p/lost-castle-abb2e2"}, "file": {"name": "agent.py", "path": "/home/runner/work/baipiao/baipiao/epic/src/epic_games/agent.py"}, "function": "claim_weekly_games", "level": {"icon": "‚ÑπÔ∏è", "name": "INFO", "no": 20}, "line": 294, "message": "claim_weekly_games", "module": "agent", "name": "epic_games.agent", "process": {"id": 3546, "name": "MainProcess"}, "thread": {"id": 140265784032128, "name": "MainThread"}, "time": {"repr": "2024-02-10 06:29:02.429892+08:00", "timestamp": 1707517742.429892}}}
{"text": "2024-02-10 06:29:10 | INFO    | epic_games.agent:claim_weekly_games:326 | claim_weekly_games - {'action': 'move to webPurchaseContainer iframe'}\n", "record": {"elapsed": {"repr": "0:00:35.718205", "seconds": 35.718205}, "exception": null, "extra": {"action": "move to webPurchaseContainer iframe"}, "file": {"name": "agent.py", "path": "/home/runner/work/baipiao/baipiao/epic/src/epic_games/agent.py"}, "function": "claim_weekly_games", "level": {"icon": "‚ÑπÔ∏è", "name": "INFO", "no": 20}, "line": 326, "message": "claim_weekly_games", "module": "agent", "name": "epic_games.agent", "process": {"id": 3546, "name": "MainProcess"}, "thread": {"id": 140265784032128, "name": "MainThread"}, "time": {"repr": "2024-02-10 06:29:10.975057+08:00", "timestamp": 1707517750.975057}}}
{"text": "2024-02-10 06:29:13 | INFO    | epic_games.agent:claim_weekly_games:328 | claim_weekly_games - {'action': 'click payment button'}\n", "record": {"elapsed": {"repr": "0:00:38.115075", "seconds": 38.115075}, "exception": null, "extra": {"action": "click payment button"}, "file": {"name": "agent.py", "path": "/home/runner/work/baipiao/baipiao/epic/src/epic_games/agent.py"}, "function": "claim_weekly_games", "level": {"icon": "‚ÑπÔ∏è", "name": "INFO", "no": 20}, "line": 328, "message": "claim_weekly_games", "module": "agent", "name": "epic_games.agent", "process": {"id": 3546, "name": "MainProcess"}, "thread": {"id": 140265784032128, "name": "MainThread"}, "time": {"repr": "2024-02-10 06:29:13.371927+08:00", "timestamp": 1707517753.371927}}}
{"text": "2024-02-10 06:29:18 | DEBUG    | hcaptcha_challenger.agents.playwright.control:_parse_label:241 | get task - {'prompt': 'Please cli—Åk on the obje—Åt that d—ñffers from others.'}\n", "record": {"elapsed": {"repr": "0:00:43.118607", "seconds": 43.118607}, "exception": null, "extra": {"prompt": "Please cli—Åk on the obje—Åt that d—ñffers from others."}, "file": {"name": "control.py", "path": "/opt/hostedtoolcache/Python/3.10.13/x64/lib/python3.10/site-packages/hcaptcha_challenger/agents/playwright/control.py"}, "function": "_parse_label", "level": {"icon": "üêû", "name": "DEBUG", "no": 10}, "line": 241, "message": "get task", "module": "control", "name": "hcaptcha_challenger.agents.playwright.control", "process": {"id": 3546, "name": "MainProcess"}, "thread": {"id": 140265784032128, "name": "MainThread"}, "time": {"repr": "2024-02-10 06:29:18.375459+08:00", "timestamp": 1707517758.375459}}}
{"text": "2024-02-10 06:29:23 | DEBUG    | epic_games.agent:insert_challenge:106 | task done - {'sattus': 'success'}\n", "record": {"elapsed": {"repr": "0:00:48.107122", "seconds": 48.107122}, "exception": null, "extra": {"sattus": "success"}, "file": {"name": "agent.py", "path": "/home/runner/work/baipiao/baipiao/epic/src/epic_games/agent.py"}, "function": "insert_challenge", "level": {"icon": "üêû", "name": "DEBUG", "no": 10}, "line": 106, "message": "task done", "module": "agent", "name": "epic_games.agent", "process": {"id": 3546, "name": "MainProcess"}, "thread": {"id": 140265784032128, "name": "MainThread"}, "time": {"repr": "2024-02-10 06:29:23.363974+08:00", "timestamp": 1707517763.363974}}}
{"text": "2024-02-10 06:29:55 | INFO    | epic_games.agent:claim_weekly_games:294 | claim_weekly_games - {'action': 'go to store', 'url': 'https://store.epicgames.com/en-US/p/doki-doki-literature-club-plus'}\n", "record": {"elapsed": {"repr": "0:01:20.271166", "seconds": 80.271166}, "exception": null, "extra": {"action": "go to store", "url": "https://store.epicgames.com/en-US/p/doki-doki-literature-club-plus"}, "file": {"name": "agent.py", "path": "/home/runner/work/baipiao/baipiao/epic/src/epic_games/agent.py"}, "function": "claim_weekly_games", "level": {"icon": "‚ÑπÔ∏è", "name": "INFO", "no": 20}, "line": 294, "message": "claim_weekly_games", "module": "agent", "name": "epic_games.agent", "process": {"id": 3546, "name": "MainProcess"}, "thread": {"id": 140265784032128, "name": "MainThread"}, "time": {"repr": "2024-02-10 06:29:55.528018+08:00", "timestamp": 1707517795.528018}}}
{"text": "2024-02-10 06:30:00 | INFO    | epic_games.agent:claim_weekly_games:294 | claim_weekly_games - {'action': 'go to store', 'url': 'https://store.epicgames.com/en-US/p/lost-castle-abb2e2'}\n", "record": {"elapsed": {"repr": "0:01:25.124713", "seconds": 85.124713}, "exception": null, "extra": {"action": "go to store", "url": "https://store.epicgames.com/en-US/p/lost-castle-abb2e2"}, "file": {"name": "agent.py", "path": "/home/runner/work/baipiao/baipiao/epic/src/epic_games/agent.py"}, "function": "claim_weekly_games", "level": {"icon": "‚ÑπÔ∏è", "name": "INFO", "no": 20}, "line": 294, "message": "claim_weekly_games", "module": "agent", "name": "epic_games.agent", "process": {"id": 3546, "name": "MainProcess"}, "thread": {"id": 140265784032128, "name": "MainThread"}, "time": {"repr": "2024-02-10 06:30:00.381565+08:00", "timestamp": 1707517800.381565}}}
{"text": "2024-02-10 06:30:08 | INFO    | epic_games.agent:claim_weekly_games:326 | claim_weekly_games - {'action': 'move to webPurchaseContainer iframe'}\n", "record": {"elapsed": {"repr": "0:01:33.703789", "seconds": 93.703789}, "exception": null, "extra": {"action": "move to webPurchaseContainer iframe"}, "file": {"name": "agent.py", "path": "/home/runner/work/baipiao/baipiao/epic/src/epic_games/agent.py"}, "function": "claim_weekly_games", "level": {"icon": "‚ÑπÔ∏è", "name": "INFO", "no": 20}, "line": 326, "message": "claim_weekly_games", "module": "agent", "name": "epic_games.agent", "process": {"id": 3546, "name": "MainProcess"}, "thread": {"id": 140265784032128, "name": "MainThread"}, "time": {"repr": "2024-02-10 06:30:08.960641+08:00", "timestamp": 1707517808.960641}}}
{"text": "2024-02-10 06:30:11 | INFO    | epic_games.agent:claim_weekly_games:328 | claim_weekly_games - {'action': 'click payment button'}\n", "record": {"elapsed": {"repr": "0:01:36.085065", "seconds": 96.085065}, "exception": null, "extra": {"action": "click payment button"}, "file": {"name": "agent.py", "path": "/home/runner/work/baipiao/baipiao/epic/src/epic_games/agent.py"}, "function": "claim_weekly_games", "level": {"icon": "‚ÑπÔ∏è", "name": "INFO", "no": 20}, "line": 328, "message": "claim_weekly_games", "module": "agent", "name": "epic_games.agent", "process": {"id": 3546, "name": "MainProcess"}, "thread": {"id": 140265784032128, "name": "MainThread"}, "time": {"repr": "2024-02-10 06:30:11.341917+08:00", "timestamp": 1707517811.341917}}}
{"text": "2024-02-10 06:30:16 | DEBUG    | hcaptcha_challenger.agents.playwright.control:_parse_label:241 | get task - {'prompt': 'Please —Ålick on the object that differs from others.'}\n", "record": {"elapsed": {"repr": "0:01:41.087710", "seconds": 101.08771}, "exception": null, "extra": {"prompt": "Please —Ålick on the object that differs from others."}, "file": {"name": "control.py", "path": "/opt/hostedtoolcache/Python/3.10.13/x64/lib/python3.10/site-packages/hcaptcha_challenger/agents/playwright/control.py"}, "function": "_parse_label", "level": {"icon": "üêû", "name": "DEBUG", "no": 10}, "line": 241, "message": "get task", "module": "control", "name": "hcaptcha_challenger.agents.playwright.control", "process": {"id": 3546, "name": "MainProcess"}, "thread": {"id": 140265784032128, "name": "MainThread"}, "time": {"repr": "2024-02-10 06:30:16.344562+08:00", "timestamp": 1707517816.344562}}}
{"text": "2024-02-10 06:30:21 | DEBUG    | epic_games.agent:insert_challenge:106 | task done - {'sattus': 'success'}\n", "record": {"elapsed": {"repr": "0:01:45.985473", "seconds": 105.985473}, "exception": null, "extra": {"sattus": "success"}, "file": {"name": "agent.py", "path": "/home/runner/work/baipiao/baipiao/epic/src/epic_games/agent.py"}, "function": "insert_challenge", "level": {"icon": "üêû", "name": "DEBUG", "no": 10}, "line": 106, "message": "task done", "module": "agent", "name": "epic_games.agent", "process": {"id": 3546, "name": "MainProcess"}, "thread": {"id": 140265784032128, "name": "MainThread"}, "time": {"repr": "2024-02-10 06:30:21.242325+08:00", "timestamp": 1707517821.242325}}}
{"text": "2024-02-10 06:30:53 | INFO    | epic_games.agent:claim_weekly_games:294 | claim_weekly_games - {'action': 'go to store', 'url': 'https://store.epicgames.com/en-US/p/doki-doki-literature-club-plus'}\n", "record": {"elapsed": {"repr": "0:02:18.132160", "seconds": 138.13216}, "exception": null, "extra": {"action": "go to store", "url": "https://store.epicgames.com/en-US/p/doki-doki-literature-club-plus"}, "file": {"name": "agent.py", "path": "/home/runner/work/baipiao/baipiao/epic/src/epic_games/agent.py"}, "function": "claim_weekly_games", "level": {"icon": "‚ÑπÔ∏è", "name": "INFO", "no": 20}, "line": 294, "message": "claim_weekly_games", "module": "agent", "name": "epic_games.agent", "process": {"id": 3546, "name": "MainProcess"}, "thread": {"id": 140265784032128, "name": "MainThread"}, "time": {"repr": "2024-02-10 06:30:53.389012+08:00", "timestamp": 1707517853.389012}}}
{"text": "2024-02-10 06:30:58 | INFO    | epic_games.agent:claim_weekly_games:294 | claim_weekly_games - {'action': 'go to store', 'url': 'https://store.epicgames.com/en-US/p/lost-castle-abb2e2'}\n", "record": {"elapsed": {"repr": "0:02:22.963208", "seconds": 142.963208}, "exception": null, "extra": {"action": "go to store", "url": "https://store.epicgames.com/en-US/p/lost-castle-abb2e2"}, "file": {"name": "agent.py", "path": "/home/runner/work/baipiao/baipiao/epic/src/epic_games/agent.py"}, "function": "claim_weekly_games", "level": {"icon": "‚ÑπÔ∏è", "name": "INFO", "no": 20}, "line": 294, "message": "claim_weekly_games", "module": "agent", "name": "epic_games.agent", "process": {"id": 3546, "name": "MainProcess"}, "thread": {"id": 140265784032128, "name": "MainThread"}, "time": {"repr": "2024-02-10 06:30:58.220060+08:00", "timestamp": 1707517858.22006}}}
{"text": "2024-02-10 06:31:07 | INFO    | epic_games.agent:claim_weekly_games:326 | claim_weekly_games - {'action': 'move to webPurchaseContainer iframe'}\n", "record": {"elapsed": {"repr": "0:02:31.821166", "seconds": 151.821166}, "exception": null, "extra": {"action": "move to webPurchaseContainer iframe"}, "file": {"name": "agent.py", "path": "/home/runner/work/baipiao/baipiao/epic/src/epic_games/agent.py"}, "function": "claim_weekly_games", "level": {"icon": "‚ÑπÔ∏è", "name": "INFO", "no": 20}, "line": 326, "message": "claim_weekly_games", "module": "agent", "name": "epic_games.agent", "process": {"id": 3546, "name": "MainProcess"}, "thread": {"id": 140265784032128, "name": "MainThread"}, "time": {"repr": "2024-02-10 06:31:07.078018+08:00", "timestamp": 1707517867.078018}}}
{"text": "2024-02-10 06:31:09 | INFO    | epic_games.agent:claim_weekly_games:328 | claim_weekly_games - {'action': 'click payment button'}\n", "record": {"elapsed": {"repr": "0:02:34.209238", "seconds": 154.209238}, "exception": null, "extra": {"action": "click payment button"}, "file": {"name": "agent.py", "path": "/home/runner/work/baipiao/baipiao/epic/src/epic_games/agent.py"}, "function": "claim_weekly_games", "level": {"icon": "‚ÑπÔ∏è", "name": "INFO", "no": 20}, "line": 328, "message": "claim_weekly_games", "module": "agent", "name": "epic_games.agent", "process": {"id": 3546, "name": "MainProcess"}, "thread": {"id": 140265784032128, "name": "MainThread"}, "time": {"repr": "2024-02-10 06:31:09.466090+08:00", "timestamp": 1707517869.46609}}}
{"text": "2024-02-10 06:31:14 | DEBUG    | hcaptcha_challenger.agents.playwright.control:_parse_label:241 | get task - {'prompt': 'Please click each image —Åont–∞ining –∞ house'}\n", "record": {"elapsed": {"repr": "0:02:39.212271", "seconds": 159.212271}, "exception": null, "extra": {"prompt": "Please click each image —Åont–∞ining –∞ house"}, "file": {"name": "control.py", "path": "/opt/hostedtoolcache/Python/3.10.13/x64/lib/python3.10/site-packages/hcaptcha_challenger/agents/playwright/control.py"}, "function": "_parse_label", "level": {"icon": "üêû", "name": "DEBUG", "no": 10}, "line": 241, "message": "get task", "module": "control", "name": "hcaptcha_challenger.agents.playwright.control", "process": {"id": 3546, "name": "MainProcess"}, "thread": {"id": 140265784032128, "name": "MainThread"}, "time": {"repr": "2024-02-10 06:31:14.469123+08:00", "timestamp": 1707517874.469123}}}
{"text": "2024-02-10 06:31:15 | DEBUG    | hcaptcha_challenger.agents.playwright.control:_catch_all_binary_challenge:474 | handle task - {'unsupervised': 'binary', 'candidate_labels': ['This is a picture that looks like house.', \"This is a picture that don't look like house.\"], 'prompt': 'Please click each image —Åont–∞ining –∞ house', 'timit': '0.969s'}\n", "record": {"elapsed": {"repr": "0:02:40.332402", "seconds": 160.332402}, "exception": null, "extra": {"unsupervised": "binary", "candidate_labels": ["This is a picture that looks like house.", "This is a picture that don't look like house."], "prompt": "Please click each image —Åont–∞ining –∞ house", "timit": "0.969s"}, "file": {"name": "control.py", "path": "/opt/hostedtoolcache/Python/3.10.13/x64/lib/python3.10/site-packages/hcaptcha_challenger/agents/playwright/control.py"}, "function": "_catch_all_binary_challenge", "level": {"icon": "üêû", "name": "DEBUG", "no": 10}, "line": 474, "message": "handle task", "module": "control", "name": "hcaptcha_challenger.agents.playwright.control", "process": {"id": 3546, "name": "MainProcess"}, "thread": {"id": 140265784032128, "name": "MainThread"}, "time": {"repr": "2024-02-10 06:31:15.589254+08:00", "timestamp": 1707517875.589254}}}
{"text": "2024-02-10 06:31:27 | DEBUG    | epic_games.agent:insert_challenge:106 | task done - {'sattus': 'success'}\n", "record": {"elapsed": {"repr": "0:02:51.992459", "seconds": 171.992459}, "exception": null, "extra": {"sattus": "success"}, "file": {"name": "agent.py", "path": "/home/runner/work/baipiao/baipiao/epic/src/epic_games/agent.py"}, "function": "insert_challenge", "level": {"icon": "üêû", "name": "DEBUG", "no": 10}, "line": 106, "message": "task done", "module": "agent", "name": "epic_games.agent", "process": {"id": 3546, "name": "MainProcess"}, "thread": {"id": 140265784032128, "name": "MainThread"}, "time": {"repr": "2024-02-10 06:31:27.249311+08:00", "timestamp": 1707517887.249311}}}
{"text": "2024-02-10 06:31:59 | ERROR    | __main__:run:158 | An error has been caught in function 'run', process 'MainProcess' (3546), thread 'MainThread' (140265784032128): - {}\nTraceback (most recent call last):\n  File \"/home/runner/work/baipiao/baipiao/epic/src/claim.py\", line 151, in stash\n    await self.claim_epic_games(context)\n  File \"/home/runner/work/baipiao/baipiao/epic/src/claim.py\", line 122, in claim_epic_games\n    await epic.claim_weekly_games(page, single_promotions)\n  File \"/opt/hostedtoolcache/Python/3.10.13/x64/lib/python3.10/site-packages/tenacity/_asyncio.py\", line 88, in async_wrapped\n    return await fn(*args, **kwargs)\n  File \"/opt/hostedtoolcache/Python/3.10.13/x64/lib/python3.10/site-packages/tenacity/_asyncio.py\", line 47, in __call__\n    do = self.iter(retry_state=retry_state)\n  File \"/opt/hostedtoolcache/Python/3.10.13/x64/lib/python3.10/site-packages/tenacity/__init__.py\", line 325, in iter\n    raise retry_exc.reraise()\n  File \"/opt/hostedtoolcache/Python/3.10.13/x64/lib/python3.10/site-packages/tenacity/__init__.py\", line 158, in reraise\n    raise self.last_attempt.result()\n  File \"/opt/hostedtoolcache/Python/3.10.13/x64/lib/python3.10/concurrent/futures/_base.py\", line 451, in result\n    return self.__get_result()\n  File \"/opt/hostedtoolcache/Python/3.10.13/x64/lib/python3.10/concurrent/futures/_base.py\", line 403, in __get_result\n    raise self._exception\n  File \"/opt/hostedtoolcache/Python/3.10.13/x64/lib/python3.10/site-packages/tenacity/_asyncio.py\", line 50, in __call__\n    result = await fn(*args, **kwargs)\n  File \"/home/runner/work/baipiao/baipiao/epic/src/epic_games/agent.py\", line 338, in claim_weekly_games\n    await page.wait_for_url(recur_url)\n  File \"/opt/hostedtoolcache/Python/3.10.13/x64/lib/python3.10/site-packages/playwright/async_api/_generated.py\", line 9432, in wait_for_url\n    await self._impl_obj.wait_for_url(\n  File \"/opt/hostedtoolcache/Python/3.10.13/x64/lib/python3.10/site-packages/playwright/_impl/_page.py\", line 508, in wait_for_url\n    return await self._main_frame.wait_for_url(**locals_to_params(locals()))\n  File \"/opt/hostedtoolcache/Python/3.10.13/x64/lib/python3.10/site-packages/playwright/_impl/_frame.py\", line 237, in wait_for_url\n    async with self.expect_navigation(\n  File \"/opt/hostedtoolcache/Python/3.10.13/x64/lib/python3.10/site-packages/playwright/_impl/_event_context_manager.py\", line 33, in __aexit__\n    await self._future\n  File \"/opt/hostedtoolcache/Python/3.10.13/x64/lib/python3.10/site-packages/playwright/_impl/_frame.py\", line 212, in continuation\n    event = await waiter.result()\nplaywright._impl._errors.TimeoutError: Timeout 30000ms exceeded.\n=========================== logs ===========================\nwaiting for navigation to \"https://store.epicgames.com/en-US/cart/success\" until 'load'\n============================================================\n\nDuring handling of the above exception, another exception occurred:\n\nTraceback (most recent call last):\n  File \"/home/runner/work/baipiao/baipiao/epic/src/claim.py\", line 162, in <module>\n    asyncio.run(run())\n  File \"/opt/hostedtoolcache/Python/3.10.13/x64/lib/python3.10/asyncio/runners.py\", line 44, in run\n    return loop.run_until_complete(main)\n  File \"/opt/hostedtoolcache/Python/3.10.13/x64/lib/python3.10/asyncio/base_events.py\", line 636, in run_until_complete\n    self.run_forever()\n  File \"/opt/hostedtoolcache/Python/3.10.13/x64/lib/python3.10/asyncio/base_events.py\", line 603, in run_forever\n    self._run_once()\n  File \"/opt/hostedtoolcache/Python/3.10.13/x64/lib/python3.10/asyncio/base_events.py\", line 1909, in _run_once\n    handle._run()\n  File \"/opt/hostedtoolcache/Python/3.10.13/x64/lib/python3.10/asyncio/events.py\", line 80, in _run\n    self._context.run(self._callback, *self._args)\n> File \"/home/runner/work/baipiao/baipiao/epic/src/claim.py\", line 158, in run\n    await agent.stash()\n  File \"/home/runner/work/baipiao/baipiao/epic/src/claim.py\", line 139, in stash\n    async with async_playwright() as p:\n  File \"/opt/hostedtoolcache/Python/3.10.13/x64/lib/python3.10/site-packages/playwright/async_api/_context_manager.py\", line 58, in __aexit__\n    await self._connection.stop_async()\n  File \"/opt/hostedtoolcache/Python/3.10.13/x64/lib/python3.10/site-packages/playwright/_impl/_connection.py\", line 289, in stop_async\n    self.cleanup()\n  File \"/opt/hostedtoolcache/Python/3.10.13/x64/lib/python3.10/site-packages/playwright/_impl/_connection.py\", line 300, in cleanup\n    callback.future.set_exception(self._closed_error)\nasyncio.exceptions.InvalidStateError: invalid state\n", "record": {"elapsed": {"repr": "0:03:23.867827", "seconds": 203.867827}, "exception": {"type": "InvalidStateError", "value": "invalid state", "traceback": true}, "extra": {}, "file": {"name": "claim.py", "path": "/home/runner/work/baipiao/baipiao/epic/src/claim.py"}, "function": "run", "level": {"icon": "‚ùå", "name": "ERROR", "no": 40}, "line": 158, "message": "An error has been caught in function 'run', process 'MainProcess' (3546), thread 'MainThread' (140265784032128):", "module": "claim", "name": "__main__", "process": {"id": 3546, "name": "MainProcess"}, "thread": {"id": 140265784032128, "name": "MainThread"}, "time": {"repr": "2024-02-10 06:31:59.124679+08:00", "timestamp": 1707517919.124679}}}
