{"text": "2024-01-01 06:26:22 | INFO    | __main__:stash:131 | run - {'image': '20231121', 'version': '0.10.1.post2', 'role': 'EpicPlayer', 'headless': True}\n", "record": {"elapsed": {"repr": "0:00:01.233662", "seconds": 1.233662}, "exception": null, "extra": {"image": "20231121", "version": "0.10.1.post2", "role": "EpicPlayer", "headless": true}, "file": {"name": "claim.py", "path": "/home/runner/work/baipiao/baipiao/epic/src/claim.py"}, "function": "stash", "level": {"icon": "‚ÑπÔ∏è", "name": "INFO", "no": 20}, "line": 131, "message": "run", "module": "claim", "name": "__main__", "process": {"id": 3520, "name": "MainProcess"}, "thread": {"id": 140612999662464, "name": "MainThread"}, "time": {"repr": "2024-01-01 06:26:22.181346+08:00", "timestamp": 1704061582.181346}}}
{"text": "2024-01-01 06:26:31 | INFO    | __main__:claim_epic_games:97 | Try to flush cookie - {'task': 'claim_epic_games'}\n", "record": {"elapsed": {"repr": "0:00:10.873097", "seconds": 10.873097}, "exception": null, "extra": {"task": "claim_epic_games"}, "file": {"name": "claim.py", "path": "/home/runner/work/baipiao/baipiao/epic/src/claim.py"}, "function": "claim_epic_games", "level": {"icon": "‚ÑπÔ∏è", "name": "INFO", "no": 20}, "line": 97, "message": "Try to flush cookie", "module": "claim", "name": "__main__", "process": {"id": 3520, "name": "MainProcess"}, "thread": {"id": 140612999662464, "name": "MainThread"}, "time": {"repr": "2024-01-01 06:26:31.820781+08:00", "timestamp": 1704061591.820781}}}
{"text": "2024-01-01 06:26:34 | SUCCESS    | epic_games.agent:_login:253 | login - {'result': 'Successfully refreshed tokens'}\n", "record": {"elapsed": {"repr": "0:00:13.398278", "seconds": 13.398278}, "exception": null, "extra": {"result": "Successfully refreshed tokens"}, "file": {"name": "agent.py", "path": "/home/runner/work/baipiao/baipiao/epic/src/epic_games/agent.py"}, "function": "_login", "level": {"icon": "‚úÖ", "name": "SUCCESS", "no": 25}, "line": 253, "message": "login", "module": "agent", "name": "epic_games.agent", "process": {"id": 3520, "name": "MainProcess"}, "thread": {"id": 140612999662464, "name": "MainThread"}, "time": {"repr": "2024-01-01 06:26:34.345962+08:00", "timestamp": 1704061594.345962}}}
{"text": "2024-01-01 06:26:45 | SUCCESS    | epic_games.agent:flush_token:280 | flush_token - {'path': PosixPath('/home/runner/work/baipiao/baipiao/epic/user_data_dir/epic-games@934175043/ctx_cookie.json')}\n", "record": {"elapsed": {"repr": "0:00:24.438329", "seconds": 24.438329}, "exception": null, "extra": {"path": "/home/runner/work/baipiao/baipiao/epic/user_data_dir/epic-games@934175043/ctx_cookie.json"}, "file": {"name": "agent.py", "path": "/home/runner/work/baipiao/baipiao/epic/src/epic_games/agent.py"}, "function": "flush_token", "level": {"icon": "‚úÖ", "name": "SUCCESS", "no": 25}, "line": 280, "message": "flush_token", "module": "agent", "name": "epic_games.agent", "process": {"id": 3520, "name": "MainProcess"}, "thread": {"id": 140612999662464, "name": "MainThread"}, "time": {"repr": "2024-01-01 06:26:45.386013+08:00", "timestamp": 1704061605.386013}}}
{"text": "2024-01-01 06:26:45 | WARNING    | epic_games.agent:get_order_history:467 | Failed to get order history, cookie may have expired - {}\n", "record": {"elapsed": {"repr": "0:00:24.633930", "seconds": 24.63393}, "exception": null, "extra": {}, "file": {"name": "agent.py", "path": "/home/runner/work/baipiao/baipiao/epic/src/epic_games/agent.py"}, "function": "get_order_history", "level": {"icon": "‚ö†Ô∏è", "name": "WARNING", "no": 30}, "line": 467, "message": "Failed to get order history, cookie may have expired", "module": "agent", "name": "epic_games.agent", "process": {"id": 3520, "name": "MainProcess"}, "thread": {"id": 140612999662464, "name": "MainThread"}, "time": {"repr": "2024-01-01 06:26:45.581614+08:00", "timestamp": 1704061605.581614}}}
{"text": "2024-01-01 06:26:45 | DEBUG    | __main__:create_tasks:66 | Put task - {'title': 'Ghostrunner', 'url': 'https://store.epicgames.com/en-US/p/ghostrunner'}\n", "record": {"elapsed": {"repr": "0:00:24.837180", "seconds": 24.83718}, "exception": null, "extra": {"title": "Ghostrunner", "url": "https://store.epicgames.com/en-US/p/ghostrunner"}, "file": {"name": "claim.py", "path": "/home/runner/work/baipiao/baipiao/epic/src/claim.py"}, "function": "create_tasks", "level": {"icon": "üêû", "name": "DEBUG", "no": 10}, "line": 66, "message": "Put task", "module": "claim", "name": "__main__", "process": {"id": 3520, "name": "MainProcess"}, "thread": {"id": 140612999662464, "name": "MainThread"}, "time": {"repr": "2024-01-01 06:26:45.784864+08:00", "timestamp": 1704061605.784864}}}
{"text": "2024-01-01 06:26:45 | INFO    | epic_games.agent:claim_weekly_games:294 | claim_weekly_games - {'action': 'go to store', 'url': 'https://store.epicgames.com/en-US/p/ghostrunner'}\n", "record": {"elapsed": {"repr": "0:00:24.837728", "seconds": 24.837728}, "exception": null, "extra": {"action": "go to store", "url": "https://store.epicgames.com/en-US/p/ghostrunner"}, "file": {"name": "agent.py", "path": "/home/runner/work/baipiao/baipiao/epic/src/epic_games/agent.py"}, "function": "claim_weekly_games", "level": {"icon": "‚ÑπÔ∏è", "name": "INFO", "no": 20}, "line": 294, "message": "claim_weekly_games", "module": "agent", "name": "epic_games.agent", "process": {"id": 3520, "name": "MainProcess"}, "thread": {"id": 140612999662464, "name": "MainThread"}, "time": {"repr": "2024-01-01 06:26:45.785412+08:00", "timestamp": 1704061605.785412}}}
{"text": "2024-01-01 06:26:56 | INFO    | epic_games.agent:claim_weekly_games:326 | claim_weekly_games - {'action': 'move to webPurchaseContainer iframe'}\n", "record": {"elapsed": {"repr": "0:00:35.860763", "seconds": 35.860763}, "exception": null, "extra": {"action": "move to webPurchaseContainer iframe"}, "file": {"name": "agent.py", "path": "/home/runner/work/baipiao/baipiao/epic/src/epic_games/agent.py"}, "function": "claim_weekly_games", "level": {"icon": "‚ÑπÔ∏è", "name": "INFO", "no": 20}, "line": 326, "message": "claim_weekly_games", "module": "agent", "name": "epic_games.agent", "process": {"id": 3520, "name": "MainProcess"}, "thread": {"id": 140612999662464, "name": "MainThread"}, "time": {"repr": "2024-01-01 06:26:56.808447+08:00", "timestamp": 1704061616.808447}}}
{"text": "2024-01-01 06:26:59 | INFO    | epic_games.agent:claim_weekly_games:328 | claim_weekly_games - {'action': 'click payment button'}\n", "record": {"elapsed": {"repr": "0:00:38.342069", "seconds": 38.342069}, "exception": null, "extra": {"action": "click payment button"}, "file": {"name": "agent.py", "path": "/home/runner/work/baipiao/baipiao/epic/src/epic_games/agent.py"}, "function": "claim_weekly_games", "level": {"icon": "‚ÑπÔ∏è", "name": "INFO", "no": 20}, "line": 328, "message": "claim_weekly_games", "module": "agent", "name": "epic_games.agent", "process": {"id": 3520, "name": "MainProcess"}, "thread": {"id": 140612999662464, "name": "MainThread"}, "time": {"repr": "2024-01-01 06:26:59.289753+08:00", "timestamp": 1704061619.289753}}}
{"text": "2024-01-01 06:27:04 | DEBUG    | hcaptcha_challenger.agents.playwright.control:_parse_label:241 | get task - {'prompt': 'Please click at the treasure —ïpŒøt'}\n", "record": {"elapsed": {"repr": "0:00:43.344117", "seconds": 43.344117}, "exception": null, "extra": {"prompt": "Please click at the treasure —ïpŒøt"}, "file": {"name": "control.py", "path": "/opt/hostedtoolcache/Python/3.10.13/x64/lib/python3.10/site-packages/hcaptcha_challenger/agents/playwright/control.py"}, "function": "_parse_label", "level": {"icon": "üêû", "name": "DEBUG", "no": 10}, "line": 241, "message": "get task", "module": "control", "name": "hcaptcha_challenger.agents.playwright.control", "process": {"id": 3520, "name": "MainProcess"}, "thread": {"id": 140612999662464, "name": "MainThread"}, "time": {"repr": "2024-01-01 06:27:04.291801+08:00", "timestamp": 1704061624.291801}}}
{"text": "2024-01-01 06:27:05 | DEBUG    | hcaptcha_challenger.agents.playwright.control:lookup_objects:317 | handle task - {'catch_model': 'treasurechest2309_yolov8n.onnx', 'ash': 'please click at the treasure spot default'}\n", "record": {"elapsed": {"repr": "0:00:44.963217", "seconds": 44.963217}, "exception": null, "extra": {"catch_model": "treasurechest2309_yolov8n.onnx", "ash": "please click at the treasure spot default"}, "file": {"name": "control.py", "path": "/opt/hostedtoolcache/Python/3.10.13/x64/lib/python3.10/site-packages/hcaptcha_challenger/agents/playwright/control.py"}, "function": "lookup_objects", "level": {"icon": "üêû", "name": "DEBUG", "no": 10}, "line": 317, "message": "handle task", "module": "control", "name": "hcaptcha_challenger.agents.playwright.control", "process": {"id": 3520, "name": "MainProcess"}, "thread": {"id": 140612999662464, "name": "MainThread"}, "time": {"repr": "2024-01-01 06:27:05.910901+08:00", "timestamp": 1704061625.910901}}}
{"text": "2024-01-01 06:27:10 | DEBUG    | epic_games.agent:insert_challenge:106 | task done - {'sattus': 'success'}\n", "record": {"elapsed": {"repr": "0:00:49.115509", "seconds": 49.115509}, "exception": null, "extra": {"sattus": "success"}, "file": {"name": "agent.py", "path": "/home/runner/work/baipiao/baipiao/epic/src/epic_games/agent.py"}, "function": "insert_challenge", "level": {"icon": "üêû", "name": "DEBUG", "no": 10}, "line": 106, "message": "task done", "module": "agent", "name": "epic_games.agent", "process": {"id": 3520, "name": "MainProcess"}, "thread": {"id": 140612999662464, "name": "MainThread"}, "time": {"repr": "2024-01-01 06:27:10.063193+08:00", "timestamp": 1704061630.063193}}}
{"text": "2024-01-01 06:27:42 | INFO    | epic_games.agent:claim_weekly_games:294 | claim_weekly_games - {'action': 'go to store', 'url': 'https://store.epicgames.com/en-US/p/ghostrunner'}\n", "record": {"elapsed": {"repr": "0:01:21.260066", "seconds": 81.260066}, "exception": null, "extra": {"action": "go to store", "url": "https://store.epicgames.com/en-US/p/ghostrunner"}, "file": {"name": "agent.py", "path": "/home/runner/work/baipiao/baipiao/epic/src/epic_games/agent.py"}, "function": "claim_weekly_games", "level": {"icon": "‚ÑπÔ∏è", "name": "INFO", "no": 20}, "line": 294, "message": "claim_weekly_games", "module": "agent", "name": "epic_games.agent", "process": {"id": 3520, "name": "MainProcess"}, "thread": {"id": 140612999662464, "name": "MainThread"}, "time": {"repr": "2024-01-01 06:27:42.207750+08:00", "timestamp": 1704061662.20775}}}
{"text": "2024-01-01 06:27:51 | INFO    | epic_games.agent:claim_weekly_games:326 | claim_weekly_games - {'action': 'move to webPurchaseContainer iframe'}\n", "record": {"elapsed": {"repr": "0:01:30.110480", "seconds": 90.11048}, "exception": null, "extra": {"action": "move to webPurchaseContainer iframe"}, "file": {"name": "agent.py", "path": "/home/runner/work/baipiao/baipiao/epic/src/epic_games/agent.py"}, "function": "claim_weekly_games", "level": {"icon": "‚ÑπÔ∏è", "name": "INFO", "no": 20}, "line": 326, "message": "claim_weekly_games", "module": "agent", "name": "epic_games.agent", "process": {"id": 3520, "name": "MainProcess"}, "thread": {"id": 140612999662464, "name": "MainThread"}, "time": {"repr": "2024-01-01 06:27:51.058164+08:00", "timestamp": 1704061671.058164}}}
{"text": "2024-01-01 06:27:53 | INFO    | epic_games.agent:claim_weekly_games:328 | claim_weekly_games - {'action': 'click payment button'}\n", "record": {"elapsed": {"repr": "0:01:32.540583", "seconds": 92.540583}, "exception": null, "extra": {"action": "click payment button"}, "file": {"name": "agent.py", "path": "/home/runner/work/baipiao/baipiao/epic/src/epic_games/agent.py"}, "function": "claim_weekly_games", "level": {"icon": "‚ÑπÔ∏è", "name": "INFO", "no": 20}, "line": 328, "message": "claim_weekly_games", "module": "agent", "name": "epic_games.agent", "process": {"id": 3520, "name": "MainProcess"}, "thread": {"id": 140612999662464, "name": "MainThread"}, "time": {"repr": "2024-01-01 06:27:53.488267+08:00", "timestamp": 1704061673.488267}}}
{"text": "2024-01-01 06:27:58 | DEBUG    | hcaptcha_challenger.agents.playwright.control:_parse_label:241 | get task - {'prompt': 'Œ°lease click at the treasure spot'}\n", "record": {"elapsed": {"repr": "0:01:37.543269", "seconds": 97.543269}, "exception": null, "extra": {"prompt": "Œ°lease click at the treasure spot"}, "file": {"name": "control.py", "path": "/opt/hostedtoolcache/Python/3.10.13/x64/lib/python3.10/site-packages/hcaptcha_challenger/agents/playwright/control.py"}, "function": "_parse_label", "level": {"icon": "üêû", "name": "DEBUG", "no": 10}, "line": 241, "message": "get task", "module": "control", "name": "hcaptcha_challenger.agents.playwright.control", "process": {"id": 3520, "name": "MainProcess"}, "thread": {"id": 140612999662464, "name": "MainThread"}, "time": {"repr": "2024-01-01 06:27:58.490953+08:00", "timestamp": 1704061678.490953}}}
{"text": "2024-01-01 06:28:02 | DEBUG    | hcaptcha_challenger.agents.playwright.control:lookup_objects:317 | handle task - {'catch_model': 'treasurechest2309_yolov8n.onnx', 'ash': 'œÅlease click at the treasure spot default'}\n", "record": {"elapsed": {"repr": "0:01:41.428842", "seconds": 101.428842}, "exception": null, "extra": {"catch_model": "treasurechest2309_yolov8n.onnx", "ash": "œÅlease click at the treasure spot default"}, "file": {"name": "control.py", "path": "/opt/hostedtoolcache/Python/3.10.13/x64/lib/python3.10/site-packages/hcaptcha_challenger/agents/playwright/control.py"}, "function": "lookup_objects", "level": {"icon": "üêû", "name": "DEBUG", "no": 10}, "line": 317, "message": "handle task", "module": "control", "name": "hcaptcha_challenger.agents.playwright.control", "process": {"id": 3520, "name": "MainProcess"}, "thread": {"id": 140612999662464, "name": "MainThread"}, "time": {"repr": "2024-01-01 06:28:02.376526+08:00", "timestamp": 1704061682.376526}}}
{"text": "2024-01-01 06:28:04 | DEBUG    | epic_games.agent:insert_challenge:106 | task done - {'sattus': 'success'}\n", "record": {"elapsed": {"repr": "0:01:43.132157", "seconds": 103.132157}, "exception": null, "extra": {"sattus": "success"}, "file": {"name": "agent.py", "path": "/home/runner/work/baipiao/baipiao/epic/src/epic_games/agent.py"}, "function": "insert_challenge", "level": {"icon": "üêû", "name": "DEBUG", "no": 10}, "line": 106, "message": "task done", "module": "agent", "name": "epic_games.agent", "process": {"id": 3520, "name": "MainProcess"}, "thread": {"id": 140612999662464, "name": "MainThread"}, "time": {"repr": "2024-01-01 06:28:04.079841+08:00", "timestamp": 1704061684.079841}}}
{"text": "2024-01-01 06:28:36 | INFO    | epic_games.agent:claim_weekly_games:294 | claim_weekly_games - {'action': 'go to store', 'url': 'https://store.epicgames.com/en-US/p/ghostrunner'}\n", "record": {"elapsed": {"repr": "0:02:15.279636", "seconds": 135.279636}, "exception": null, "extra": {"action": "go to store", "url": "https://store.epicgames.com/en-US/p/ghostrunner"}, "file": {"name": "agent.py", "path": "/home/runner/work/baipiao/baipiao/epic/src/epic_games/agent.py"}, "function": "claim_weekly_games", "level": {"icon": "‚ÑπÔ∏è", "name": "INFO", "no": 20}, "line": 294, "message": "claim_weekly_games", "module": "agent", "name": "epic_games.agent", "process": {"id": 3520, "name": "MainProcess"}, "thread": {"id": 140612999662464, "name": "MainThread"}, "time": {"repr": "2024-01-01 06:28:36.227320+08:00", "timestamp": 1704061716.22732}}}
{"text": "2024-01-01 06:28:45 | INFO    | epic_games.agent:claim_weekly_games:326 | claim_weekly_games - {'action': 'move to webPurchaseContainer iframe'}\n", "record": {"elapsed": {"repr": "0:02:24.631388", "seconds": 144.631388}, "exception": null, "extra": {"action": "move to webPurchaseContainer iframe"}, "file": {"name": "agent.py", "path": "/home/runner/work/baipiao/baipiao/epic/src/epic_games/agent.py"}, "function": "claim_weekly_games", "level": {"icon": "‚ÑπÔ∏è", "name": "INFO", "no": 20}, "line": 326, "message": "claim_weekly_games", "module": "agent", "name": "epic_games.agent", "process": {"id": 3520, "name": "MainProcess"}, "thread": {"id": 140612999662464, "name": "MainThread"}, "time": {"repr": "2024-01-01 06:28:45.579072+08:00", "timestamp": 1704061725.579072}}}
{"text": "2024-01-01 06:28:47 | INFO    | epic_games.agent:claim_weekly_games:328 | claim_weekly_games - {'action': 'click payment button'}\n", "record": {"elapsed": {"repr": "0:02:27.046926", "seconds": 147.046926}, "exception": null, "extra": {"action": "click payment button"}, "file": {"name": "agent.py", "path": "/home/runner/work/baipiao/baipiao/epic/src/epic_games/agent.py"}, "function": "claim_weekly_games", "level": {"icon": "‚ÑπÔ∏è", "name": "INFO", "no": 20}, "line": 328, "message": "claim_weekly_games", "module": "agent", "name": "epic_games.agent", "process": {"id": 3520, "name": "MainProcess"}, "thread": {"id": 140612999662464, "name": "MainThread"}, "time": {"repr": "2024-01-01 06:28:47.994610+08:00", "timestamp": 1704061727.99461}}}
{"text": "2024-01-01 06:28:52 | DEBUG    | hcaptcha_challenger.agents.playwright.control:_parse_label:241 | get task - {'prompt': 'Œ°lease cli—Åk ea—Åh imag–µ —Åontaining a bookshelf'}\n", "record": {"elapsed": {"repr": "0:02:32.051273", "seconds": 152.051273}, "exception": null, "extra": {"prompt": "Œ°lease cli—Åk ea—Åh imag–µ —Åontaining a bookshelf"}, "file": {"name": "control.py", "path": "/opt/hostedtoolcache/Python/3.10.13/x64/lib/python3.10/site-packages/hcaptcha_challenger/agents/playwright/control.py"}, "function": "_parse_label", "level": {"icon": "üêû", "name": "DEBUG", "no": 10}, "line": 241, "message": "get task", "module": "control", "name": "hcaptcha_challenger.agents.playwright.control", "process": {"id": 3520, "name": "MainProcess"}, "thread": {"id": 140612999662464, "name": "MainThread"}, "time": {"repr": "2024-01-01 06:28:52.998957+08:00", "timestamp": 1704061732.998957}}}
{"text": "2024-01-01 06:28:53 | DEBUG    | hcaptcha_challenger.agents.playwright.control:_catch_all_binary_challenge:474 | handle task - {'unsupervised': 'binary', 'candidate_labels': ['This is a picture that looks like bookshelf.', \"This is a picture that don't look like bookshelf.\"], 'prompt': 'Œ°lease cli—Åk ea—Åh imag–µ —Åontaining a bookshelf', 'timit': '0.804s'}\n", "record": {"elapsed": {"repr": "0:02:33.002884", "seconds": 153.002884}, "exception": null, "extra": {"unsupervised": "binary", "candidate_labels": ["This is a picture that looks like bookshelf.", "This is a picture that don't look like bookshelf."], "prompt": "Œ°lease cli—Åk ea—Åh imag–µ —Åontaining a bookshelf", "timit": "0.804s"}, "file": {"name": "control.py", "path": "/opt/hostedtoolcache/Python/3.10.13/x64/lib/python3.10/site-packages/hcaptcha_challenger/agents/playwright/control.py"}, "function": "_catch_all_binary_challenge", "level": {"icon": "üêû", "name": "DEBUG", "no": 10}, "line": 474, "message": "handle task", "module": "control", "name": "hcaptcha_challenger.agents.playwright.control", "process": {"id": 3520, "name": "MainProcess"}, "thread": {"id": 140612999662464, "name": "MainThread"}, "time": {"repr": "2024-01-01 06:28:53.950568+08:00", "timestamp": 1704061733.950568}}}
{"text": "2024-01-01 06:29:04 | DEBUG    | epic_games.agent:insert_challenge:106 | task done - {'sattus': 'success'}\n", "record": {"elapsed": {"repr": "0:02:43.128652", "seconds": 163.128652}, "exception": null, "extra": {"sattus": "success"}, "file": {"name": "agent.py", "path": "/home/runner/work/baipiao/baipiao/epic/src/epic_games/agent.py"}, "function": "insert_challenge", "level": {"icon": "üêû", "name": "DEBUG", "no": 10}, "line": 106, "message": "task done", "module": "agent", "name": "epic_games.agent", "process": {"id": 3520, "name": "MainProcess"}, "thread": {"id": 140612999662464, "name": "MainThread"}, "time": {"repr": "2024-01-01 06:29:04.076336+08:00", "timestamp": 1704061744.076336}}}
{"text": "2024-01-01 06:29:35 | ERROR    | __main__:run:158 | An error has been caught in function 'run', process 'MainProcess' (3520), thread 'MainThread' (140612999662464): - {}\nTraceback (most recent call last):\n  File \"/home/runner/work/baipiao/baipiao/epic/src/claim.py\", line 151, in stash\n    await self.claim_epic_games(context)\n  File \"/home/runner/work/baipiao/baipiao/epic/src/claim.py\", line 122, in claim_epic_games\n    await epic.claim_weekly_games(page, single_promotions)\n  File \"/opt/hostedtoolcache/Python/3.10.13/x64/lib/python3.10/site-packages/tenacity/_asyncio.py\", line 88, in async_wrapped\n    return await fn(*args, **kwargs)\n  File \"/opt/hostedtoolcache/Python/3.10.13/x64/lib/python3.10/site-packages/tenacity/_asyncio.py\", line 47, in __call__\n    do = self.iter(retry_state=retry_state)\n  File \"/opt/hostedtoolcache/Python/3.10.13/x64/lib/python3.10/site-packages/tenacity/__init__.py\", line 325, in iter\n    raise retry_exc.reraise()\n  File \"/opt/hostedtoolcache/Python/3.10.13/x64/lib/python3.10/site-packages/tenacity/__init__.py\", line 158, in reraise\n    raise self.last_attempt.result()\n  File \"/opt/hostedtoolcache/Python/3.10.13/x64/lib/python3.10/concurrent/futures/_base.py\", line 451, in result\n    return self.__get_result()\n  File \"/opt/hostedtoolcache/Python/3.10.13/x64/lib/python3.10/concurrent/futures/_base.py\", line 403, in __get_result\n    raise self._exception\n  File \"/opt/hostedtoolcache/Python/3.10.13/x64/lib/python3.10/site-packages/tenacity/_asyncio.py\", line 50, in __call__\n    result = await fn(*args, **kwargs)\n  File \"/home/runner/work/baipiao/baipiao/epic/src/epic_games/agent.py\", line 338, in claim_weekly_games\n    await page.wait_for_url(recur_url)\n  File \"/opt/hostedtoolcache/Python/3.10.13/x64/lib/python3.10/site-packages/playwright/async_api/_generated.py\", line 9417, in wait_for_url\n    await self._impl_obj.wait_for_url(\n  File \"/opt/hostedtoolcache/Python/3.10.13/x64/lib/python3.10/site-packages/playwright/_impl/_page.py\", line 499, in wait_for_url\n    return await self._main_frame.wait_for_url(**locals_to_params(locals()))\n  File \"/opt/hostedtoolcache/Python/3.10.13/x64/lib/python3.10/site-packages/playwright/_impl/_frame.py\", line 227, in wait_for_url\n    async with self.expect_navigation(\n  File \"/opt/hostedtoolcache/Python/3.10.13/x64/lib/python3.10/site-packages/playwright/_impl/_event_context_manager.py\", line 33, in __aexit__\n    await self._future\n  File \"/opt/hostedtoolcache/Python/3.10.13/x64/lib/python3.10/site-packages/playwright/_impl/_frame.py\", line 202, in continuation\n    event = await waiter.result()\nplaywright._impl._errors.TimeoutError: Timeout 30000ms exceeded.\n=========================== logs ===========================\nwaiting for navigation to \"https://store.epicgames.com/en-US/cart/success\" until 'load'\n============================================================\n\nDuring handling of the above exception, another exception occurred:\n\nTraceback (most recent call last):\n  File \"/home/runner/work/baipiao/baipiao/epic/src/claim.py\", line 162, in <module>\n    asyncio.run(run())\n  File \"/opt/hostedtoolcache/Python/3.10.13/x64/lib/python3.10/asyncio/runners.py\", line 44, in run\n    return loop.run_until_complete(main)\n  File \"/opt/hostedtoolcache/Python/3.10.13/x64/lib/python3.10/asyncio/base_events.py\", line 636, in run_until_complete\n    self.run_forever()\n  File \"/opt/hostedtoolcache/Python/3.10.13/x64/lib/python3.10/asyncio/base_events.py\", line 603, in run_forever\n    self._run_once()\n  File \"/opt/hostedtoolcache/Python/3.10.13/x64/lib/python3.10/asyncio/base_events.py\", line 1909, in _run_once\n    handle._run()\n  File \"/opt/hostedtoolcache/Python/3.10.13/x64/lib/python3.10/asyncio/events.py\", line 80, in _run\n    self._context.run(self._callback, *self._args)\n> File \"/home/runner/work/baipiao/baipiao/epic/src/claim.py\", line 158, in run\n    await agent.stash()\n  File \"/home/runner/work/baipiao/baipiao/epic/src/claim.py\", line 139, in stash\n    async with async_playwright() as p:\n  File \"/opt/hostedtoolcache/Python/3.10.13/x64/lib/python3.10/site-packages/playwright/async_api/_context_manager.py\", line 58, in __aexit__\n    await self._connection.stop_async()\n  File \"/opt/hostedtoolcache/Python/3.10.13/x64/lib/python3.10/site-packages/playwright/_impl/_connection.py\", line 288, in stop_async\n    self.cleanup()\n  File \"/opt/hostedtoolcache/Python/3.10.13/x64/lib/python3.10/site-packages/playwright/_impl/_connection.py\", line 299, in cleanup\n    callback.future.set_exception(self._closed_error)\nasyncio.exceptions.InvalidStateError: invalid state\n", "record": {"elapsed": {"repr": "0:03:15.038636", "seconds": 195.038636}, "exception": {"type": "InvalidStateError", "value": "invalid state", "traceback": true}, "extra": {}, "file": {"name": "claim.py", "path": "/home/runner/work/baipiao/baipiao/epic/src/claim.py"}, "function": "run", "level": {"icon": "‚ùå", "name": "ERROR", "no": 40}, "line": 158, "message": "An error has been caught in function 'run', process 'MainProcess' (3520), thread 'MainThread' (140612999662464):", "module": "claim", "name": "__main__", "process": {"id": 3520, "name": "MainProcess"}, "thread": {"id": 140612999662464, "name": "MainThread"}, "time": {"repr": "2024-01-01 06:29:35.986320+08:00", "timestamp": 1704061775.98632}}}
